#
# There is insufficient memory for the Java Runtime Environment to continue.
# Native memory allocation (mmap) failed to map 131072000 bytes for committing reserved memory.
# Possible reasons:
#   The system is out of physical RAM or swap space
#   In 32 bit mode, the process size limit was hit
# Possible solutions:
#   Reduce memory load on the system
#   Increase physical memory or swap space
#   Check if swap backing store is full
#   Use 64 bit Java on a 64 bit OS
#   Decrease Java heap size (-Xmx/-Xms)
#   Decrease number of Java threads
#   Decrease Java thread stack sizes (-Xss)
#   Set larger code cache with -XX:ReservedCodeCacheSize=
# This output file may be truncated or incomplete.
#
#  Out of Memory Error (os_linux.cpp:2673), pid=25369, tid=139944730289920
#
# JRE version: Java(TM) SE Runtime Environment (8.0_45-b14) (build 1.8.0_45-b14)
# Java VM: Java HotSpot(TM) 64-Bit Server VM (25.45-b02 mixed mode linux-amd64 compressed oops)
# Failed to write core dump. Core dumps have been disabled. To enable core dumping, try "ulimit -c unlimited" before starting Java again
#

---------------  T H R E A D  ---------------

Current thread (0x00007f4780073800):  VMThread [stack: 0x00007f476bdfe000,0x00007f476beff000] [id=25377]

Stack: [0x00007f476bdfe000,0x00007f476beff000],  sp=0x00007f476befd1e0,  free space=1020k
Native frames: (J=compiled Java code, j=interpreted, Vv=VM code, C=native code)
V  [libjvm.so+0xaac99a]  VMError::report_and_die()+0x2ba
V  [libjvm.so+0x4f333b]  report_vm_out_of_memory(char const*, int, unsigned long, VMErrorType, char const*)+0x8b
V  [libjvm.so+0x90e7c3]  os::Linux::commit_memory_impl(char*, unsigned long, bool)+0x103
V  [libjvm.so+0x90ed19]  os::pd_commit_memory(char*, unsigned long, unsigned long, bool)+0x29
V  [libjvm.so+0x90867a]  os::commit_memory(char*, unsigned long, unsigned long, bool)+0x2a
V  [libjvm.so+0x97bac3]  PSVirtualSpace::expand_by(unsigned long)+0x53
V  [libjvm.so+0x96c320]  PSOldGen::expand(unsigned long)+0x170
V  [libjvm.so+0x96c52b]  PSOldGen::resize(unsigned long)+0x1cb
V  [libjvm.so+0x974241]  PSParallelCompact::invoke_no_policy(bool)+0x9d1
V  [libjvm.so+0x979bed]  PSScavenge::invoke()+0x1ad
V  [libjvm.so+0x932050]  ParallelScavengeHeap::failed_mem_allocate(unsigned long)+0x70
V  [libjvm.so+0xaae1d7]  VM_ParallelGCFailedAllocation::doit()+0x97
V  [libjvm.so+0xab59c5]  VM_Operation::evaluate()+0x55
V  [libjvm.so+0xab3d9a]  VMThread::evaluate_operation(VM_Operation*)+0xba
V  [libjvm.so+0xab411e]  VMThread::loop()+0x1ce
V  [libjvm.so+0xab4590]  VMThread::run()+0x70
V  [libjvm.so+0x910de8]  java_start(Thread*)+0x108

VM_Operation (0x00007f4787eaf5f0): ParallelGCFailedAllocation, mode: safepoint, requested by thread 0x00007f478000a000


---------------  P R O C E S S  ---------------

Java Threads: ( => current thread )
  0x00007f478015c800 JavaThread "pool-2-thread-4" [_thread_blocked, id=25390, stack(0x00007f476ab10000,0x00007f476ac11000)]
  0x00007f478015a800 JavaThread "pool-2-thread-3" [_thread_blocked, id=25389, stack(0x00007f476ac11000,0x00007f476ad12000)]
  0x00007f4780159800 JavaThread "pool-2-thread-2" [_thread_blocked, id=25388, stack(0x00007f476ad12000,0x00007f476ae13000)]
  0x00007f4780157800 JavaThread "pool-3-thread-1" [_thread_blocked, id=25387, stack(0x00007f476ae13000,0x00007f476af14000)]
  0x00007f4780155800 JavaThread "pool-2-thread-1" [_thread_blocked, id=25386, stack(0x00007f476af14000,0x00007f476b015000)]
  0x00007f47800b9800 JavaThread "Service Thread" daemon [_thread_blocked, id=25383, stack(0x00007f476b116000,0x00007f476b217000)]
  0x00007f47800b5000 JavaThread "C1 CompilerThread1" daemon [_thread_blocked, id=25382, stack(0x00007f476b217000,0x00007f476b318000)]
  0x00007f47800b2000 JavaThread "C2 CompilerThread0" daemon [_thread_blocked, id=25381, stack(0x00007f476b318000,0x00007f476b419000)]
  0x00007f47800b0800 JavaThread "Signal Dispatcher" daemon [_thread_blocked, id=25380, stack(0x00007f476b419000,0x00007f476b51a000)]
  0x00007f478007b000 JavaThread "Finalizer" daemon [_thread_blocked, id=25379, stack(0x00007f476bbfc000,0x00007f476bcfd000)]
  0x00007f4780079000 JavaThread "Reference Handler" daemon [_thread_blocked, id=25378, stack(0x00007f476bcfd000,0x00007f476bdfe000)]
  0x00007f478000a000 JavaThread "main" [_thread_blocked, id=25374, stack(0x00007f4787db1000,0x00007f4787eb2000)]

Other Threads:
=>0x00007f4780073800 VMThread [stack: 0x00007f476bdfe000,0x00007f476beff000] [id=25377]
  0x00007f47800bc800 WatcherThread [stack: 0x00007f476b015000,0x00007f476b116000] [id=25384]

VM state:at safepoint (normal execution)

VM Mutex/Monitor currently owned by a thread:  ([mutex/lock_event])
[0x00007f4780005fd0] ExpandHeap_lock - owner thread: 0x00007f4780073800
[0x00007f4780006650] Threads_lock - owner thread: 0x00007f4780073800
[0x00007f4780006b50] Heap_lock - owner thread: 0x00007f478000a000

Heap:
 PSYoungGen      total 241664K, used 14992K [0x00000000eab00000, 0x0000000100000000, 0x0000000100000000)
  eden space 167936K, 0% used [0x00000000eab00000,0x00000000eab00000,0x00000000f4f00000)
  from space 73728K, 20% used [0x00000000fb800000,0x00000000fc6a41e8,0x0000000100000000)
  to   space 90624K, 0% used [0x00000000f4f00000,0x00000000f4f00000,0x00000000fa780000)
 ParOldGen       total 262144K, used 262112K [0x00000000c0000000, 0x00000000d0000000, 0x00000000eab00000)
  object space 262144K, 99% used [0x00000000c0000000,0x00000000cfff83e8,0x00000000d0000000)
 Metaspace       used 6384K, capacity 7280K, committed 7552K, reserved 1056768K
  class space    used 602K, capacity 616K, committed 640K, reserved 1048576K

Card table byte_map: [0x00007f4784988000,0x00007f4784b89000] byte_map_base: 0x00007f4784388000

Marking Bits: (ParMarkBitMap*) 0x00007f4787286760
 Begin Bits: [0x00007f4762000000, 0x00007f4763000000)
 End Bits:   [0x00007f4763000000, 0x00007f4764000000)

Polling page: 0x00007f4787ecd000

CodeCache: size=245760Kb used=9552Kb max_used=9552Kb free=236207Kb
 bounds [0x00007f4771000000, 0x00007f4771960000, 0x00007f4780000000]
 total_blobs=2604 nmethods=2337 adapters=182
 compilation: enabled

Compilation events (10 events):
Event: 23.652 Thread 0x00007f47800b5000 2564       2       com.android.dx.cf.code.BasicBlocker::visitSwitch (64 bytes)
Event: 23.653 Thread 0x00007f47800b5000 nmethod 2564 0x00007f47719549d0 code [0x00007f4771954b80, 0x00007f4771955058]
Event: 23.655 Thread 0x00007f47800b5000 2565       2       com.android.dx.dex.code.RopTranslator$TranslationVisitor::visitSwitchInsn (237 bytes)
Event: 23.657 Thread 0x00007f47800b5000 nmethod 2565 0x00007f4771955b50 code [0x00007f4771955de0, 0x00007f47719567d8]
Event: 23.670 Thread 0x00007f47800b5000 2566       3       com.android.dx.rop.code.RegisterSpecSet::mutableCopy (57 bytes)
Event: 23.671 Thread 0x00007f47800b5000 nmethod 2566 0x00007f4771957810 code [0x00007f47719579c0, 0x00007f4771957f88]
Event: 23.733 Thread 0x00007f47800b5000 2567       2       java.util.concurrent.locks.AbstractQueuedSynchronizer::addWaiter (50 bytes)
Event: 23.733 Thread 0x00007f47800b5000 nmethod 2567 0x00007f4771958250 code [0x00007f47719583c0, 0x00007f4771958668]
Event: 23.879 Thread 0x00007f47800b5000 2569       2       java.io.FilterInputStream::available (8 bytes)
Event: 23.880 Thread 0x00007f47800b5000 nmethod 2569 0x00007f4771958750 code [0x00007f47719588c0, 0x00007f4771958a48]

GC Heap History (10 events):
Event: 16.034 GC heap after
Heap after GC invocations=15 (full 2):
 PSYoungGen      total 281600K, used 32996K [0x00000000eab00000, 0x0000000100000000, 0x0000000100000000)
  eden space 214016K, 0% used [0x00000000eab00000,0x00000000eab00000,0x00000000f7c00000)
  from space 67584K, 48% used [0x00000000f7c00000,0x00000000f9c39018,0x00000000fbe00000)
  to   space 66048K, 0% used [0x00000000fbf80000,0x00000000fbf80000,0x0000000100000000)
 ParOldGen       total 164864K, used 164053K [0x00000000c0000000, 0x00000000ca100000, 0x00000000eab00000)
  object space 164864K, 99% used [0x00000000c0000000,0x00000000ca035700,0x00000000ca100000)
 Metaspace       used 6367K, capacity 7216K, committed 7296K, reserved 1056768K
  class space    used 602K, capacity 616K, committed 640K, reserved 1048576K
}
Event: 16.034 GC heap before
{Heap before GC invocations=16 (full 3):
 PSYoungGen      total 281600K, used 32996K [0x00000000eab00000, 0x0000000100000000, 0x0000000100000000)
  eden space 214016K, 0% used [0x00000000eab00000,0x00000000eab00000,0x00000000f7c00000)
  from space 67584K, 48% used [0x00000000f7c00000,0x00000000f9c39018,0x00000000fbe00000)
  to   space 66048K, 0% used [0x00000000fbf80000,0x00000000fbf80000,0x0000000100000000)
 ParOldGen       total 164864K, used 164053K [0x00000000c0000000, 0x00000000ca100000, 0x00000000eab00000)
  object space 164864K, 99% used [0x00000000c0000000,0x00000000ca035700,0x00000000ca100000)
 Metaspace       used 6367K, capacity 7216K, committed 7296K, reserved 1056768K
  class space    used 602K, capacity 616K, committed 640K, reserved 1048576K
Event: 19.178 GC heap after
Heap after GC invocations=16 (full 3):
 PSYoungGen      total 281600K, used 26094K [0x00000000eab00000, 0x0000000100000000, 0x0000000100000000)
  eden space 214016K, 0% used [0x00000000eab00000,0x00000000eab00000,0x00000000f7c00000)
  from space 67584K, 38% used [0x00000000f7c00000,0x00000000f957b8a0,0x00000000fbe00000)
  to   space 66048K, 0% used [0x00000000fbf80000,0x00000000fbf80000,0x0000000100000000)
 ParOldGen       total 262144K, used 164606K [0x00000000c0000000, 0x00000000d0000000, 0x00000000eab00000)
  object space 262144K, 62% used [0x00000000c0000000,0x00000000ca0bf940,0x00000000d0000000)
 Metaspace       used 6367K, capacity 7216K, committed 7296K, reserved 1056768K
  class space    used 602K, capacity 616K, committed 640K, reserved 1048576K
}
Event: 20.680 GC heap before
{Heap before GC invocations=17 (full 3):
 PSYoungGen      total 281600K, used 240110K [0x00000000eab00000, 0x0000000100000000, 0x0000000100000000)
  eden space 214016K, 100% used [0x00000000eab00000,0x00000000f7c00000,0x00000000f7c00000)
  from space 67584K, 38% used [0x00000000f7c00000,0x00000000f957b8a0,0x00000000fbe00000)
  to   space 66048K, 0% used [0x00000000fbf80000,0x00000000fbf80000,0x0000000100000000)
 ParOldGen       total 262144K, used 164606K [0x00000000c0000000, 0x00000000d0000000, 0x00000000eab00000)
  object space 262144K, 62% used [0x00000000c0000000,0x00000000ca0bf940,0x00000000d0000000)
 Metaspace       used 6374K, capacity 7280K, committed 7552K, reserved 1056768K
  class space    used 602K, capacity 616K, committed 640K, reserved 1048576K
Event: 21.166 GC heap after
Heap after GC invocations=17 (full 3):
 PSYoungGen      total 267776K, used 56145K [0x00000000eab00000, 0x0000000100000000, 0x0000000100000000)
  eden space 201728K, 0% used [0x00000000eab00000,0x00000000eab00000,0x00000000f7000000)
  from space 66048K, 85% used [0x00000000fbf80000,0x00000000ff654548,0x0000000100000000)
  to   space 73728K, 0% used [0x00000000f7000000,0x00000000f7000000,0x00000000fb800000)
 ParOldGen       total 262144K, used 164606K [0x00000000c0000000, 0x00000000d0000000, 0x00000000eab00000)
  object space 262144K, 62% used [0x00000000c0000000,0x00000000ca0bf940,0x00000000d0000000)
 Metaspace       used 6374K, capacity 7280K, committed 7552K, reserved 1056768K
  class space    used 602K, capacity 616K, committed 640K, reserved 1048576K
}
Event: 22.486 GC heap before
{Heap before GC invocations=18 (full 3):
 PSYoungGen      total 267776K, used 257873K [0x00000000eab00000, 0x0000000100000000, 0x0000000100000000)
  eden space 201728K, 100% used [0x00000000eab00000,0x00000000f7000000,0x00000000f7000000)
  from space 66048K, 85% used [0x00000000fbf80000,0x00000000ff654548,0x0000000100000000)
  to   space 73728K, 0% used [0x00000000f7000000,0x00000000f7000000,0x00000000fb800000)
 ParOldGen       total 262144K, used 164606K [0x00000000c0000000, 0x00000000d0000000, 0x00000000eab00000)
  object space 262144K, 62% used [0x00000000c0000000,0x00000000ca0bf940,0x00000000d0000000)
 Metaspace       used 6376K, capacity 7280K, committed 7552K, reserved 1056768K
  class space    used 602K, capacity 616K, committed 640K, reserved 1048576K
Event: 22.805 GC heap after
Heap after GC invocations=18 (full 3):
 PSYoungGen      total 275456K, used 73716K [0x00000000eab00000, 0x0000000100000000, 0x0000000100000000)
  eden space 201728K, 0% used [0x00000000eab00000,0x00000000eab00000,0x00000000f7000000)
  from space 73728K, 99% used [0x00000000f7000000,0x00000000fb7fd318,0x00000000fb800000)
  to   space 73728K, 0% used [0x00000000fb800000,0x00000000fb800000,0x0000000100000000)
 ParOldGen       total 262144K, used 175783K [0x00000000c0000000, 0x00000000d0000000, 0x00000000eab00000)
  object space 262144K, 67% used [0x00000000c0000000,0x00000000caba9dd0,0x00000000d0000000)
 Metaspace       used 6376K, capacity 7280K, committed 7552K, reserved 1056768K
  class space    used 602K, capacity 616K, committed 640K, reserved 1048576K
}
Event: 24.087 GC heap before
{Heap before GC invocations=19 (full 3):
 PSYoungGen      total 275456K, used 275444K [0x00000000eab00000, 0x0000000100000000, 0x0000000100000000)
  eden space 201728K, 100% used [0x00000000eab00000,0x00000000f7000000,0x00000000f7000000)
  from space 73728K, 99% used [0x00000000f7000000,0x00000000fb7fd318,0x00000000fb800000)
  to   space 73728K, 0% used [0x00000000fb800000,0x00000000fb800000,0x0000000100000000)
 ParOldGen       total 262144K, used 175783K [0x00000000c0000000, 0x00000000d0000000, 0x00000000eab00000)
  object space 262144K, 67% used [0x00000000c0000000,0x00000000caba9dd0,0x00000000d0000000)
 Metaspace       used 6384K, capacity 7280K, committed 7552K, reserved 1056768K
  class space    used 602K, capacity 616K, committed 640K, reserved 1048576K
Event: 24.772 GC heap after
Heap after GC invocations=19 (full 3):
 PSYoungGen      total 241664K, used 51488K [0x00000000eab00000, 0x0000000100000000, 0x0000000100000000)
  eden space 167936K, 0% used [0x00000000eab00000,0x00000000eab00000,0x00000000f4f00000)
  from space 73728K, 69% used [0x00000000fb800000,0x00000000fea48318,0x0000000100000000)
  to   space 90624K, 0% used [0x00000000f4f00000,0x00000000f4f00000,0x00000000fa780000)
 ParOldGen       total 262144K, used 227961K [0x00000000c0000000, 0x00000000d0000000, 0x00000000eab00000)
  object space 262144K, 86% used [0x00000000c0000000,0x00000000cde9e4c0,0x00000000d0000000)
 Metaspace       used 6384K, capacity 7280K, committed 7552K, reserved 1056768K
  class space    used 602K, capacity 616K, committed 640K, reserved 1048576K
}
Event: 24.772 GC heap before
{Heap before GC invocations=20 (full 4):
 PSYoungGen      total 241664K, used 51488K [0x00000000eab00000, 0x0000000100000000, 0x0000000100000000)
  eden space 167936K, 0% used [0x00000000eab00000,0x00000000eab00000,0x00000000f4f00000)
  from space 73728K, 69% used [0x00000000fb800000,0x00000000fea48318,0x0000000100000000)
  to   space 90624K, 0% used [0x00000000f4f00000,0x00000000f4f00000,0x00000000fa780000)
 ParOldGen       total 262144K, used 227961K [0x00000000c0000000, 0x00000000d0000000, 0x00000000eab00000)
  object space 262144K, 86% used [0x00000000c0000000,0x00000000cde9e4c0,0x00000000d0000000)
 Metaspace       used 6384K, capacity 7280K, committed 7552K, reserved 1056768K
  class space    used 602K, capacity 616K, committed 640K, reserved 1048576K

Deoptimization events (10 events):
Event: 7.025 Thread 0x00007f4780159800 Uncommon trap: reason=unstable_if action=reinterpret pc=0x00007f477156cf4c method=com.android.dx.ssa.SCCP.simulateStmt(Lcom/android/dx/ssa/SsaInsn;)V @ 59
Event: 7.436 Thread 0x00007f478000a000 Uncommon trap: reason=unstable_if action=reinterpret pc=0x00007f4771715098 method=java.util.HashMap.putVal(ILjava/lang/Object;Ljava/lang/Object;ZZ)Ljava/lang/Object; @ 109
Event: 7.770 Thread 0x00007f4780155800 Uncommon trap: reason=class_check action=maybe_recompile pc=0x00007f47717a1df8 method=com.android.dx.rop.code.RegisterSpec.withSimpleType()Lcom/android/dx/rop/code/RegisterSpec; @ 21
Event: 7.786 Thread 0x00007f4780155800 Uncommon trap: reason=class_check action=maybe_recompile pc=0x00007f47717a1df8 method=com.android.dx.rop.code.RegisterSpec.withSimpleType()Lcom/android/dx/rop/code/RegisterSpec; @ 21
Event: 7.786 Thread 0x00007f4780155800 Uncommon trap: reason=class_check action=maybe_recompile pc=0x00007f47717a1df8 method=com.android.dx.rop.code.RegisterSpec.withSimpleType()Lcom/android/dx/rop/code/RegisterSpec; @ 21
Event: 7.786 Thread 0x00007f4780155800 Uncommon trap: reason=unstable_if action=reinterpret pc=0x00007f47717a2780 method=com.android.dx.rop.code.LocalItem.compareHandlesNulls(Lcom/android/dx/rop/cst/CstString;Lcom/android/dx/rop/cst/CstString;)I @ 8
Event: 13.345 Thread 0x00007f478000a000 Uncommon trap: reason=unstable_if action=reinterpret pc=0x00007f47716f246c method=com.android.dx.ssa.SCCP.simulateBranch(Lcom/android/dx/ssa/SsaInsn;)V @ 548
Event: 14.530 Thread 0x00007f4780159800 Uncommon trap: reason=unstable_if action=reinterpret pc=0x00007f47717d98a0 method=com.android.dx.ssa.SsaMethod.getExitBlock()Lcom/android/dx/ssa/SsaBasicBlock; @ 4
Event: 14.530 Thread 0x00007f4780159800 Uncommon trap: reason=unstable_if action=reinterpret pc=0x00007f477131a758 method=com.android.dx.ssa.SsaMethod.getExitBlock()Lcom/android/dx/ssa/SsaBasicBlock; @ 4
Event: 23.670 Thread 0x00007f4780155800 Uncommon trap: reason=unstable_if action=reinterpret pc=0x00007f4771403e70 method=com.android.dx.rop.code.RegisterSpecSet.<init>(I)V @ 2

Internal exceptions (7 events):
Event: 0.045 Thread 0x00007f478000a000 Exception <a 'java/lang/NoSuchMethodError': Method sun.misc.Unsafe.defineClass(Ljava/lang/String;[BII)Ljava/lang/Class; name or signature does not match> (0x00000000eab12898) thrown at [/RE-WORK/workspace/8-2-build-linux-amd64/jdk8u45/3457/hotspot/src/sha
Event: 0.045 Thread 0x00007f478000a000 Exception <a 'java/lang/NoSuchMethodError': Method sun.misc.Unsafe.prefetchRead(Ljava/lang/Object;J)V name or signature does not match> (0x00000000eab12b28) thrown at [/RE-WORK/workspace/8-2-build-linux-amd64/jdk8u45/3457/hotspot/src/share/vm/prims/jni.cp
Event: 2.052 Thread 0x00007f478015a800 Implicit null exception at 0x00007f47712e8ad6 to 0x00007f47712e9e4d
Event: 3.867 Thread 0x00007f478015c800 Exception <a 'java/lang/ArrayIndexOutOfBoundsException': 18> (0x00000000ec4d20a8) thrown at [/RE-WORK/workspace/8-2-build-linux-amd64/jdk8u45/3457/hotspot/src/share/vm/interpreter/interpreterRuntime.cpp, line 366]
Event: 3.868 Thread 0x00007f478015c800 Exception <a 'java/lang/ArrayIndexOutOfBoundsException': 145> (0x00000000ec4d3b78) thrown at [/RE-WORK/workspace/8-2-build-linux-amd64/jdk8u45/3457/hotspot/src/share/vm/interpreter/interpreterRuntime.cpp, line 366]
Event: 3.871 Thread 0x00007f478015c800 Exception <a 'java/lang/ArrayIndexOutOfBoundsException'> (0x00000000ec4d4db0) thrown at [/RE-WORK/workspace/8-2-build-linux-amd64/jdk8u45/3457/hotspot/src/share/vm/runtime/sharedRuntime.cpp, line 605]
Event: 7.786 Thread 0x00007f4780155800 Implicit null exception at 0x00007f477179fef0 to 0x00007f47717a2771

Events (10 events):
Event: 23.914 Thread 0x00007f4780155800 DEOPT UNPACKING pc=0x00007f4771046f73 sp=0x00007f476b012ad8 mode 0
Event: 23.931 Thread 0x00007f4780159800 DEOPT PACKING pc=0x00007f4771309e37 sp=0x00007f476ae109e0
Event: 23.931 Thread 0x00007f4780159800 DEOPT UNPACKING pc=0x00007f4771046f73 sp=0x00007f476ae10770 mode 0
Event: 23.988 Thread 0x00007f478015c800 DEOPT PACKING pc=0x00007f4771309e37 sp=0x00007f476ac0ec70
Event: 23.988 Thread 0x00007f478015c800 DEOPT UNPACKING pc=0x00007f4771046f73 sp=0x00007f476ac0ea00 mode 0
Event: 24.038 Thread 0x00007f478015a800 DEOPT PACKING pc=0x00007f4771309e37 sp=0x00007f476ad0fe40
Event: 24.038 Thread 0x00007f478015a800 DEOPT UNPACKING pc=0x00007f4771046f73 sp=0x00007f476ad0fbd0 mode 0
Event: 24.074 Thread 0x00007f4780155800 DEOPT PACKING pc=0x00007f477135a208 sp=0x00007f476b012cf0
Event: 24.074 Thread 0x00007f4780155800 DEOPT UNPACKING pc=0x00007f4771046f73 sp=0x00007f476b012ad8 mode 0
Event: 24.082 Executing VM operation: ParallelGCFailedAllocation


Dynamic libraries:
00400000-00401000 r-xp 00000000 07:00 1183742                            /usr/local/java/jdk1.8.0_45/bin/java
00600000-00601000 rw-p 00000000 07:00 1183742                            /usr/local/java/jdk1.8.0_45/bin/java
024f9000-0253e000 rw-p 00000000 00:00 0                                  [heap]
c0000000-d0000000 rw-p 00000000 00:00 0 
d7d00000-eab00000 ---p 00000000 00:00 0 
eab00000-100000000 rw-p 00000000 00:00 0 
100000000-1000a0000 rw-p 00000000 00:00 0 
1000a0000-140000000 ---p 00000000 00:00 0 
7f472c000000-7f472c03a000 rw-p 00000000 00:00 0 
7f472c03a000-7f4730000000 ---p 00000000 00:00 0 
7f4734000000-7f4734021000 rw-p 00000000 00:00 0 
7f4734021000-7f4738000000 ---p 00000000 00:00 0 
7f4738000000-7f4738035000 rw-p 00000000 00:00 0 
7f4738035000-7f473c000000 ---p 00000000 00:00 0 
7f473c000000-7f473c021000 rw-p 00000000 00:00 0 
7f473c021000-7f4740000000 ---p 00000000 00:00 0 
7f4740000000-7f4740071000 rw-p 00000000 00:00 0 
7f4740071000-7f4744000000 ---p 00000000 00:00 0 
7f4744000000-7f4744b57000 rw-p 00000000 00:00 0 
7f4744b57000-7f4748000000 ---p 00000000 00:00 0 
7f4748000000-7f4748021000 rw-p 00000000 00:00 0 
7f4748021000-7f474c000000 ---p 00000000 00:00 0 
7f474c000000-7f474c021000 rw-p 00000000 00:00 0 
7f474c021000-7f4750000000 ---p 00000000 00:00 0 
7f4750000000-7f4750bd9000 rw-p 00000000 00:00 0 
7f4750bd9000-7f4754000000 ---p 00000000 00:00 0 
7f4754000000-7f4754021000 rw-p 00000000 00:00 0 
7f4754021000-7f4758000000 ---p 00000000 00:00 0 
7f4758000000-7f4758021000 rw-p 00000000 00:00 0 
7f4758021000-7f475c000000 ---p 00000000 00:00 0 
7f475c000000-7f475c29b000 rw-p 00000000 00:00 0 
7f475c29b000-7f4760000000 ---p 00000000 00:00 0 
7f4762000000-7f4764000000 rw-p 00000000 00:00 0 
7f4764000000-7f4764021000 rw-p 00000000 00:00 0 
7f4764021000-7f4768000000 ---p 00000000 00:00 0 
7f476ab10000-7f476ab13000 ---p 00000000 00:00 0 
7f476ab13000-7f476ac11000 rw-p 00000000 00:00 0                          [stack:25390]
7f476ac11000-7f476ac14000 ---p 00000000 00:00 0 
7f476ac14000-7f476ad12000 rw-p 00000000 00:00 0                          [stack:25389]
7f476ad12000-7f476ad15000 ---p 00000000 00:00 0 
7f476ad15000-7f476ae13000 rw-p 00000000 00:00 0                          [stack:25388]
7f476ae13000-7f476ae16000 ---p 00000000 00:00 0 
7f476ae16000-7f476af14000 rw-p 00000000 00:00 0                          [stack:25387]
7f476af14000-7f476af17000 ---p 00000000 00:00 0 
7f476af17000-7f476b015000 rw-p 00000000 00:00 0                          [stack:25386]
7f476b015000-7f476b016000 ---p 00000000 00:00 0 
7f476b016000-7f476b116000 rw-p 00000000 00:00 0                          [stack:25384]
7f476b116000-7f476b119000 ---p 00000000 00:00 0 
7f476b119000-7f476b217000 rw-p 00000000 00:00 0                          [stack:25383]
7f476b217000-7f476b21a000 ---p 00000000 00:00 0 
7f476b21a000-7f476b318000 rw-p 00000000 00:00 0                          [stack:25382]
7f476b318000-7f476b31b000 ---p 00000000 00:00 0 
7f476b31b000-7f476b419000 rw-p 00000000 00:00 0                          [stack:25381]
7f476b419000-7f476b41c000 ---p 00000000 00:00 0 
7f476b41c000-7f476b51a000 rw-p 00000000 00:00 0                          [stack:25380]
7f476b51a000-7f476bbfc000 r--p 00000000 07:00 1185575                    /usr/lib/locale/locale-archive
7f476bbfc000-7f476bbff000 ---p 00000000 00:00 0 
7f476bbff000-7f476bcfd000 rw-p 00000000 00:00 0                          [stack:25379]
7f476bcfd000-7f476bd00000 ---p 00000000 00:00 0 
7f476bd00000-7f476bdfe000 rw-p 00000000 00:00 0                          [stack:25378]
7f476bdfe000-7f476bdff000 ---p 00000000 00:00 0 
7f476bdff000-7f476c000000 rw-p 00000000 00:00 0                          [stack:25377]
7f476c000000-7f476c021000 rw-p 00000000 00:00 0 
7f476c021000-7f4770000000 ---p 00000000 00:00 0 
7f47700e5000-7f47700f9000 r--p 00000000 07:00 1580160                    /usr/share/locale-langpack/zh_CN/LC_MESSAGES/libc.mo
7f47700f9000-7f4770ec0000 rw-p 00000000 00:00 0 
7f4770ec0000-7f4771000000 ---p 00000000 00:00 0 
7f4771000000-7f4771960000 rwxp 00000000 00:00 0 
7f4771960000-7f4780000000 ---p 00000000 00:00 0 
7f4780000000-7f478039c000 rw-p 00000000 00:00 0 
7f478039c000-7f4784000000 ---p 00000000 00:00 0 
7f478400f000-7f4784061000 r--s 003f7000 07:00 1837062                    /home/lynnzc/AndroidStudioProjects/PlantLeague/app/build/intermediates/transforms/jarMerging/product/debug/jars/1/1f/combined.jar
7f4784061000-7f4784070000 r--s 000df000 07:00 283088                     /home/lynnzc/Android/Sdk/build-tools/23.0.1/lib/dx.jar
7f4784070000-7f47841e1000 rw-p 00000000 00:00 0 
7f47841e1000-7f47843ba000 r--s 03d09000 07:00 1183527                    /usr/local/java/jdk1.8.0_45/jre/lib/rt.jar
7f47843ba000-7f4784630000 rw-p 00000000 00:00 0 
7f4784630000-7f4784631000 ---p 00000000 00:00 0 
7f4784631000-7f4784731000 rw-p 00000000 00:00 0                          [stack:25376]
7f4784731000-7f4784732000 ---p 00000000 00:00 0 
7f4784732000-7f47848b2000 rw-p 00000000 00:00 0                          [stack:25375]
7f47848b2000-7f4784988000 ---p 00000000 00:00 0 
7f4784988000-7f4784a08000 rw-p 00000000 00:00 0 
7f4784a08000-7f4784add000 ---p 00000000 00:00 0 
7f4784add000-7f4784b88000 rw-p 00000000 00:00 0 
7f4784b88000-7f4784baf000 rw-p 00000000 00:00 0 
7f4784baf000-7f4784f49000 ---p 00000000 00:00 0 
7f4784f49000-7f4784f63000 r-xp 00000000 07:00 1183562                    /usr/local/java/jdk1.8.0_45/jre/lib/amd64/libzip.so
7f4784f63000-7f4785163000 ---p 0001a000 07:00 1183562                    /usr/local/java/jdk1.8.0_45/jre/lib/amd64/libzip.so
7f4785163000-7f4785164000 rw-p 0001a000 07:00 1183562                    /usr/local/java/jdk1.8.0_45/jre/lib/amd64/libzip.so
7f4785164000-7f478516f000 r-xp 00000000 07:00 266025                     /lib/x86_64-linux-gnu/libnss_files-2.19.so
7f478516f000-7f478536e000 ---p 0000b000 07:00 266025                     /lib/x86_64-linux-gnu/libnss_files-2.19.so
7f478536e000-7f478536f000 r--p 0000a000 07:00 266025                     /lib/x86_64-linux-gnu/libnss_files-2.19.so
7f478536f000-7f4785370000 rw-p 0000b000 07:00 266025                     /lib/x86_64-linux-gnu/libnss_files-2.19.so
7f4785370000-7f478537b000 r-xp 00000000 07:00 265983                     /lib/x86_64-linux-gnu/libnss_nis-2.19.so
7f478537b000-7f478557a000 ---p 0000b000 07:00 265983                     /lib/x86_64-linux-gnu/libnss_nis-2.19.so
7f478557a000-7f478557b000 r--p 0000a000 07:00 265983                     /lib/x86_64-linux-gnu/libnss_nis-2.19.so
7f478557b000-7f478557c000 rw-p 0000b000 07:00 265983                     /lib/x86_64-linux-gnu/libnss_nis-2.19.so
7f478557c000-7f4785593000 r-xp 00000000 07:00 265973                     /lib/x86_64-linux-gnu/libnsl-2.19.so
7f4785593000-7f4785792000 ---p 00017000 07:00 265973                     /lib/x86_64-linux-gnu/libnsl-2.19.so
7f4785792000-7f4785793000 r--p 00016000 07:00 265973                     /lib/x86_64-linux-gnu/libnsl-2.19.so
7f4785793000-7f4785794000 rw-p 00017000 07:00 265973                     /lib/x86_64-linux-gnu/libnsl-2.19.so
7f4785794000-7f4785796000 rw-p 00000000 00:00 0 
7f4785796000-7f478579f000 r-xp 00000000 07:00 265972                     /lib/x86_64-linux-gnu/libnss_compat-2.19.so
7f478579f000-7f478599e000 ---p 00009000 07:00 265972                     /lib/x86_64-linux-gnu/libnss_compat-2.19.so
7f478599e000-7f478599f000 r--p 00008000 07:00 265972                     /lib/x86_64-linux-gnu/libnss_compat-2.19.so
7f478599f000-7f47859a0000 rw-p 00009000 07:00 265972                     /lib/x86_64-linux-gnu/libnss_compat-2.19.so
7f47859a0000-7f47859ca000 r-xp 00000000 07:00 1183555                    /usr/local/java/jdk1.8.0_45/jre/lib/amd64/libjava.so
7f47859ca000-7f4785bca000 ---p 0002a000 07:00 1183555                    /usr/local/java/jdk1.8.0_45/jre/lib/amd64/libjava.so
7f4785bca000-7f4785bcc000 rw-p 0002a000 07:00 1183555                    /usr/local/java/jdk1.8.0_45/jre/lib/amd64/libjava.so
7f4785bcc000-7f4785bd9000 r-xp 00000000 07:00 1183597                    /usr/local/java/jdk1.8.0_45/jre/lib/amd64/libverify.so
7f4785bd9000-7f4785dd9000 ---p 0000d000 07:00 1183597                    /usr/local/java/jdk1.8.0_45/jre/lib/amd64/libverify.so
7f4785dd9000-7f4785ddb000 rw-p 0000d000 07:00 1183597                    /usr/local/java/jdk1.8.0_45/jre/lib/amd64/libverify.so
7f4785ddb000-7f4785de2000 r-xp 00000000 07:00 265999                     /lib/x86_64-linux-gnu/librt-2.19.so
7f4785de2000-7f4785fe1000 ---p 00007000 07:00 265999                     /lib/x86_64-linux-gnu/librt-2.19.so
7f4785fe1000-7f4785fe2000 r--p 00006000 07:00 265999                     /lib/x86_64-linux-gnu/librt-2.19.so
7f4785fe2000-7f4785fe3000 rw-p 00007000 07:00 265999                     /lib/x86_64-linux-gnu/librt-2.19.so
7f4785fe3000-7f47860e8000 r-xp 00000000 07:00 265967                     /lib/x86_64-linux-gnu/libm-2.19.so
7f47860e8000-7f47862e7000 ---p 00105000 07:00 265967                     /lib/x86_64-linux-gnu/libm-2.19.so
7f47862e7000-7f47862e8000 r--p 00104000 07:00 265967                     /lib/x86_64-linux-gnu/libm-2.19.so
7f47862e8000-7f47862e9000 rw-p 00105000 07:00 265967                     /lib/x86_64-linux-gnu/libm-2.19.so
7f47862e9000-7f4786f97000 r-xp 00000000 07:00 1183603                    /usr/local/java/jdk1.8.0_45/jre/lib/amd64/server/libjvm.so
7f4786f97000-7f4787196000 ---p 00cae000 07:00 1183603                    /usr/local/java/jdk1.8.0_45/jre/lib/amd64/server/libjvm.so
7f4787196000-7f478726d000 rw-p 00cad000 07:00 1183603                    /usr/local/java/jdk1.8.0_45/jre/lib/amd64/server/libjvm.so
7f478726d000-7f47872b1000 rw-p 00000000 00:00 0 
7f47872b1000-7f478746c000 r-xp 00000000 07:00 266018                     /lib/x86_64-linux-gnu/libc-2.19.so
7f478746c000-7f478766b000 ---p 001bb000 07:00 266018                     /lib/x86_64-linux-gnu/libc-2.19.so
7f478766b000-7f478766f000 r--p 001ba000 07:00 266018                     /lib/x86_64-linux-gnu/libc-2.19.so
7f478766f000-7f4787671000 rw-p 001be000 07:00 266018                     /lib/x86_64-linux-gnu/libc-2.19.so
7f4787671000-7f4787676000 rw-p 00000000 00:00 0 
7f4787676000-7f4787679000 r-xp 00000000 07:00 265969                     /lib/x86_64-linux-gnu/libdl-2.19.so
7f4787679000-7f4787878000 ---p 00003000 07:00 265969                     /lib/x86_64-linux-gnu/libdl-2.19.so
7f4787878000-7f4787879000 r--p 00002000 07:00 265969                     /lib/x86_64-linux-gnu/libdl-2.19.so
7f4787879000-7f478787a000 rw-p 00003000 07:00 265969                     /lib/x86_64-linux-gnu/libdl-2.19.so
7f478787a000-7f478788f000 r-xp 00000000 07:00 1183919                    /usr/local/java/jdk1.8.0_45/lib/amd64/jli/libjli.so
7f478788f000-7f4787a8f000 ---p 00015000 07:00 1183919                    /usr/local/java/jdk1.8.0_45/lib/amd64/jli/libjli.so
7f4787a8f000-7f4787a90000 rw-p 00015000 07:00 1183919                    /usr/local/java/jdk1.8.0_45/lib/amd64/jli/libjli.so
7f4787a90000-7f4787aa9000 r-xp 00000000 07:00 265974                     /lib/x86_64-linux-gnu/libpthread-2.19.so
7f4787aa9000-7f4787ca8000 ---p 00019000 07:00 265974                     /lib/x86_64-linux-gnu/libpthread-2.19.so
7f4787ca8000-7f4787ca9000 r--p 00018000 07:00 265974                     /lib/x86_64-linux-gnu/libpthread-2.19.so
7f4787ca9000-7f4787caa000 rw-p 00019000 07:00 265974                     /lib/x86_64-linux-gnu/libpthread-2.19.so
7f4787caa000-7f4787cae000 rw-p 00000000 00:00 0 
7f4787cae000-7f4787cd1000 r-xp 00000000 07:00 265975                     /lib/x86_64-linux-gnu/ld-2.19.so
7f4787cd8000-7f4787db1000 rw-p 00000000 00:00 0 
7f4787db1000-7f4787db4000 ---p 00000000 00:00 0 
7f4787db4000-7f4787eb6000 rw-p 00000000 00:00 0                          [stack:25374]
7f4787ebc000-7f4787ebd000 rw-p 00000000 00:00 0 
7f4787ebd000-7f4787ec4000 r--s 00000000 07:00 1439140                    /usr/lib/x86_64-linux-gnu/gconv/gconv-modules.cache
7f4787ec4000-7f4787ecc000 rw-s 00000000 07:00 180582                     /tmp/hsperfdata_lynnzc/25369
7f4787ecc000-7f4787ecd000 rw-p 00000000 00:00 0 
7f4787ecd000-7f4787ece000 ---p 00000000 00:00 0 
7f4787ece000-7f4787ed0000 rw-p 00000000 00:00 0 
7f4787ed0000-7f4787ed1000 r--p 00022000 07:00 265975                     /lib/x86_64-linux-gnu/ld-2.19.so
7f4787ed1000-7f4787ed2000 rw-p 00023000 07:00 265975                     /lib/x86_64-linux-gnu/ld-2.19.so
7f4787ed2000-7f4787ed3000 rw-p 00000000 00:00 0 
7ffdf77be000-7ffdf77e0000 rw-p 00000000 00:00 0                          [stack]
7ffdf77fb000-7ffdf77fd000 r-xp 00000000 00:00 0                          [vdso]
7ffdf77fd000-7ffdf77ff000 r--p 00000000 00:00 0                          [vvar]
ffffffffff600000-ffffffffff601000 r-xp 00000000 00:00 0                  [vsyscall]

VM Arguments:
jvm_args: -Djava.awt.headless=true -Xmx1024M -Dfile.encoding=UTF-8 -Duser.country=CN -Duser.language=zh -Duser.variant 
java_command: com.android.dx.command.Main --dex --num-threads=4 --multi-dex --main-dex-list /home/lynnzc/AndroidStudioProjects/PlantLeague/app/build/intermediates/multi-dex/product/debug/maindexlist.txt --output /home/lynnzc/AndroidStudioProjects/PlantLeague/app/build/intermediates/transforms/dex/product/debug/folders/1000/1f/main /home/lynnzc/AndroidStudioProjects/PlantLeague/app/build/intermediates/transforms/jarMerging/product/debug/jars/1/1f/combined.jar
java_class_path (initial): /home/lynnzc/Android/Sdk/build-tools/23.0.1/lib/dx.jar
Launcher Type: SUN_STANDARD

Environment Variables:
JAVA_HOME=/usr/local/java/jdk1.8.0_45
JRE_HOME=/usr/local/java/jdk1.8.0_45/jre
CLASSPATH=./../lib/bootstrap.jar:./../lib/extensions.jar:./../lib/util.jar:./../lib/jdom.jar:./../lib/log4j.jar:./../lib/trove4j.jar:./../lib/jna.jar:/usr/local/java/jdk1.8.0_45/lib/tools.jar
PATH=/usr/local/java/jdk1.8.0_45/bin:/home/lynnzc/Android/Sdk/tools:/home/lynnzc/Android/Sdk/platform-tools:/opt/jdk1.8.0_40:/opt/jdk1.8.0_40/bin:/bin:/opt/jdk1.8.0_40/lib:/usr/local/sbin:/usr/local/bin:/usr/sbin:/usr/bin:/sbin:/bin:/usr/games:/usr/local/games
LD_LIBRARY_PATH=.:
SHELL=/bin/bash
DISPLAY=:0

Signal Handlers:
SIGSEGV: [libjvm.so+0xaad1e0], sa_mask[0]=11111111011111111101111111111110, sa_flags=SA_RESTART|SA_SIGINFO
SIGBUS: [libjvm.so+0xaad1e0], sa_mask[0]=11111111011111111101111111111110, sa_flags=SA_RESTART|SA_SIGINFO
SIGFPE: [libjvm.so+0x90b450], sa_mask[0]=11111111011111111101111111111110, sa_flags=SA_RESTART|SA_SIGINFO
SIGPIPE: [libjvm.so+0x90b450], sa_mask[0]=11111111011111111101111111111110, sa_flags=SA_RESTART|SA_SIGINFO
SIGXFSZ: [libjvm.so+0x90b450], sa_mask[0]=11111111011111111101111111111110, sa_flags=SA_RESTART|SA_SIGINFO
SIGILL: [libjvm.so+0x90b450], sa_mask[0]=11111111011111111101111111111110, sa_flags=SA_RESTART|SA_SIGINFO
SIGUSR1: SIG_DFL, sa_mask[0]=00000000000000000000000000000000, sa_flags=none
SIGUSR2: [libjvm.so+0x90ca90], sa_mask[0]=00100000000000000000000000000000, sa_flags=SA_RESTART|SA_SIGINFO
SIGHUP: [libjvm.so+0x90dde0], sa_mask[0]=11111111011111111101111111111110, sa_flags=SA_RESTART|SA_SIGINFO
SIGINT: [libjvm.so+0x90dde0], sa_mask[0]=11111111011111111101111111111110, sa_flags=SA_RESTART|SA_SIGINFO
SIGTERM: [libjvm.so+0x90dde0], sa_mask[0]=11111111011111111101111111111110, sa_flags=SA_RESTART|SA_SIGINFO
SIGQUIT: [libjvm.so+0x90dde0], sa_mask[0]=11111111011111111101111111111110, sa_flags=SA_RESTART|SA_SIGINFO


---------------  S Y S T E M  ---------------

OS:DISTRIB_ID=Ubuntu
DISTRIB_RELEASE=14.04
DISTRIB_CODENAME=trusty
DISTRIB_DESCRIPTION="Ubuntu 14.04.4 LTS"

uname:Linux 3.16.0-67-generic #87~14.04.1-Ubuntu SMP Fri Mar 11 00:26:02 UTC 2016 x86_64
libc:glibc 2.19 NPTL 2.19 
rlimit: STACK 8192k, CORE 0k, NPROC 15588, NOFILE 4096, AS infinity
load average:3.24 2.21 2.61

/proc/meminfo:
MemTotal:        4012140 kB
MemFree:          112968 kB
MemAvailable:      80040 kB
Buffers:           14136 kB
Cached:            90620 kB
SwapCached:        10072 kB
Active:          2673644 kB
Inactive:        1022588 kB
Active(anon):    2649996 kB
Inactive(anon):   993772 kB
Active(file):      23648 kB
Inactive(file):    28816 kB
Unevictable:        2748 kB
Mlocked:              48 kB
SwapTotal:        262140 kB
SwapFree:              0 kB
Dirty:               220 kB
Writeback:             0 kB
AnonPages:       3584148 kB
Mapped:            71796 kB
Shmem:             49444 kB
Slab:              82692 kB
SReclaimable:      50612 kB
SUnreclaim:        32080 kB
KernelStack:        8832 kB
PageTables:        41708 kB
NFS_Unstable:          0 kB
Bounce:                0 kB
WritebackTmp:          0 kB
CommitLimit:     2268208 kB
Committed_AS:    7401948 kB
VmallocTotal:   34359738367 kB
VmallocUsed:      328644 kB
VmallocChunk:   34359355236 kB
HardwareCorrupted:     0 kB
AnonHugePages:    770048 kB
HugePages_Total:       0
HugePages_Free:        0
HugePages_Rsvd:        0
HugePages_Surp:        0
Hugepagesize:       2048 kB
DirectMap4k:       76784 kB
DirectMap2M:     4081664 kB


CPU:total 2 (2 cores per cpu, 1 threads per core) family 6 model 23 stepping 6, cmov, cx8, fxsr, mmx, sse, sse2, sse3, ssse3, sse4.1, tsc

/proc/cpuinfo:
processor	: 0
vendor_id	: GenuineIntel
cpu family	: 6
model		: 23
model name	: Intel(R) Core(TM)2 Duo CPU     P7350  @ 2.00GHz
stepping	: 6
microcode	: 0x60c
cpu MHz		: 2000.000
cache size	: 3072 KB
physical id	: 0
siblings	: 2
core id		: 0
cpu cores	: 2
apicid		: 0
initial apicid	: 0
fpu		: yes
fpu_exception	: yes
cpuid level	: 10
wp		: yes
flags		: fpu vme de pse tsc msr pae mce cx8 apic sep mtrr pge mca cmov pat pse36 clflush dts acpi mmx fxsr sse sse2 ss ht tm pbe syscall nx lm constant_tsc arch_perfmon pebs bts rep_good nopl aperfmperf pni dtes64 monitor ds_cpl est tm2 ssse3 cx16 xtpr pdcm sse4_1 lahf_lm dtherm
bogomips	: 3990.50
clflush size	: 64
cache_alignment	: 64
address sizes	: 36 bits physical, 48 bits virtual
power management:

processor	: 1
vendor_id	: GenuineIntel
cpu family	: 6
model		: 23
model name	: Intel(R) Core(TM)2 Duo CPU     P7350  @ 2.00GHz
stepping	: 6
microcode	: 0x60c
cpu MHz		: 2000.000
cache size	: 3072 KB
physical id	: 0
siblings	: 2
core id		: 1
cpu cores	: 2
apicid		: 1
initial apicid	: 1
fpu		: yes
fpu_exception	: yes
cpuid level	: 10
wp		: yes
flags		: fpu vme de pse tsc msr pae mce cx8 apic sep mtrr pge mca cmov pat pse36 clflush dts acpi mmx fxsr sse sse2 ss ht tm pbe syscall nx lm constant_tsc arch_perfmon pebs bts rep_good nopl aperfmperf pni dtes64 monitor ds_cpl est tm2 ssse3 cx16 xtpr pdcm sse4_1 lahf_lm dtherm
bogomips	: 3990.50
clflush size	: 64
cache_alignment	: 64
address sizes	: 36 bits physical, 48 bits virtual
power management:



Memory: 4k page, physical 4012140k(112720k free), swap 262140k(0k free)

vm_info: Java HotSpot(TM) 64-Bit Server VM (25.45-b02) for linux-amd64 JRE (1.8.0_45-b14), built on Apr 10 2015 10:07:45 by "java_re" with gcc 4.3.0 20080428 (Red Hat 4.3.0-8)

time: Sat Apr 16 19:32:29 2016
elapsed time: 30 seconds (0d 0h 0m 30s)

