#
# There is insufficient memory for the Java Runtime Environment to continue.
# Native memory allocation (mmap) failed to map 139984896 bytes for committing reserved memory.
# Possible reasons:
#   The system is out of physical RAM or swap space
#   In 32 bit mode, the process size limit was hit
# Possible solutions:
#   Reduce memory load on the system
#   Increase physical memory or swap space
#   Check if swap backing store is full
#   Use 64 bit Java on a 64 bit OS
#   Decrease Java heap size (-Xmx/-Xms)
#   Decrease number of Java threads
#   Decrease Java thread stack sizes (-Xss)
#   Set larger code cache with -XX:ReservedCodeCacheSize=
# This output file may be truncated or incomplete.
#
#  Out of Memory Error (os_linux.cpp:2673), pid=24411, tid=140669524702976
#
# JRE version: Java(TM) SE Runtime Environment (8.0_45-b14) (build 1.8.0_45-b14)
# Java VM: Java HotSpot(TM) 64-Bit Server VM (25.45-b02 mixed mode linux-amd64 compressed oops)
# Failed to write core dump. Core dumps have been disabled. To enable core dumping, try "ulimit -c unlimited" before starting Java again
#

---------------  T H R E A D  ---------------

Current thread (0x00007ff040073800):  VMThread [stack: 0x00007ff02cfcf000,0x00007ff02d0d0000] [id=24419]

Stack: [0x00007ff02cfcf000,0x00007ff02d0d0000],  sp=0x00007ff02d0ce2e0,  free space=1020k
Native frames: (J=compiled Java code, j=interpreted, Vv=VM code, C=native code)
V  [libjvm.so+0xaac99a]  VMError::report_and_die()+0x2ba
V  [libjvm.so+0x4f333b]  report_vm_out_of_memory(char const*, int, unsigned long, VMErrorType, char const*)+0x8b
V  [libjvm.so+0x90e7c3]  os::Linux::commit_memory_impl(char*, unsigned long, bool)+0x103
V  [libjvm.so+0x90ed19]  os::pd_commit_memory(char*, unsigned long, unsigned long, bool)+0x29
V  [libjvm.so+0x90867a]  os::commit_memory(char*, unsigned long, unsigned long, bool)+0x2a
V  [libjvm.so+0x97bac3]  PSVirtualSpace::expand_by(unsigned long)+0x53
V  [libjvm.so+0x96c320]  PSOldGen::expand(unsigned long)+0x170
V  [libjvm.so+0x96c52b]  PSOldGen::resize(unsigned long)+0x1cb
V  [libjvm.so+0x974241]  PSParallelCompact::invoke_no_policy(bool)+0x9d1
V  [libjvm.so+0x979bed]  PSScavenge::invoke()+0x1ad
V  [libjvm.so+0x932050]  ParallelScavengeHeap::failed_mem_allocate(unsigned long)+0x70
V  [libjvm.so+0xaae1d7]  VM_ParallelGCFailedAllocation::doit()+0x97
V  [libjvm.so+0xab59c5]  VM_Operation::evaluate()+0x55
V  [libjvm.so+0xab3d9a]  VMThread::evaluate_operation(VM_Operation*)+0xba
V  [libjvm.so+0xab411e]  VMThread::loop()+0x1ce
V  [libjvm.so+0xab4590]  VMThread::run()+0x70
V  [libjvm.so+0x910de8]  java_start(Thread*)+0x108

VM_Operation (0x00007ff046f24510): ParallelGCFailedAllocation, mode: safepoint, requested by thread 0x00007ff04000a000


---------------  P R O C E S S  ---------------

Java Threads: ( => current thread )
  0x00007ff040195800 JavaThread "pool-2-thread-4" [_thread_blocked, id=24431, stack(0x00007fefffbfc000,0x00007fefffcfd000)]
  0x00007ff040193800 JavaThread "pool-2-thread-3" [_thread_blocked, id=24430, stack(0x00007fefffcfd000,0x00007fefffdfe000)]
  0x00007ff040192800 JavaThread "pool-2-thread-2" [_thread_blocked, id=24429, stack(0x00007fefffdfe000,0x00007fefffeff000)]
  0x00007ff04018f800 JavaThread "pool-3-thread-1" [_thread_blocked, id=24428, stack(0x00007fefffeff000,0x00007ff000000000)]
  0x00007ff04018d800 JavaThread "pool-2-thread-1" [_thread_blocked, id=24427, stack(0x00007ff02c084000,0x00007ff02c185000)]
  0x00007ff0400b9800 JavaThread "Service Thread" daemon [_thread_blocked, id=24425, stack(0x00007ff02c2e7000,0x00007ff02c3e8000)]
  0x00007ff0400b5000 JavaThread "C1 CompilerThread1" daemon [_thread_blocked, id=24424, stack(0x00007ff02c3e8000,0x00007ff02c4e9000)]
  0x00007ff0400b2000 JavaThread "C2 CompilerThread0" daemon [_thread_blocked, id=24423, stack(0x00007ff02c4e9000,0x00007ff02c5ea000)]
  0x00007ff0400b0800 JavaThread "Signal Dispatcher" daemon [_thread_blocked, id=24422, stack(0x00007ff02c5ea000,0x00007ff02c6eb000)]
  0x00007ff04007b000 JavaThread "Finalizer" daemon [_thread_blocked, id=24421, stack(0x00007ff02cdcd000,0x00007ff02cece000)]
  0x00007ff040079000 JavaThread "Reference Handler" daemon [_thread_blocked, id=24420, stack(0x00007ff02cece000,0x00007ff02cfcf000)]
  0x00007ff04000a000 JavaThread "main" [_thread_blocked, id=24413, stack(0x00007ff046e26000,0x00007ff046f27000)]

Other Threads:
=>0x00007ff040073800 VMThread [stack: 0x00007ff02cfcf000,0x00007ff02d0d0000] [id=24419]
  0x00007ff0400bc800 WatcherThread [stack: 0x00007ff02c1e6000,0x00007ff02c2e7000] [id=24426]

VM state:at safepoint (normal execution)

VM Mutex/Monitor currently owned by a thread:  ([mutex/lock_event])
[0x00007ff040005fd0] ExpandHeap_lock - owner thread: 0x00007ff040073800
[0x00007ff040006650] Threads_lock - owner thread: 0x00007ff040073800
[0x00007ff040006b50] Heap_lock - owner thread: 0x00007ff04000a000

Heap:
 PSYoungGen      total 260096K, used 20717K [0x00000000eab00000, 0x0000000100000000, 0x0000000100000000)
  eden space 171008K, 0% used [0x00000000eab00000,0x00000000eab00000,0x00000000f5200000)
  from space 89088K, 23% used [0x00000000f5200000,0x00000000f663b618,0x00000000fa900000)
  to   space 84992K, 0% used [0x00000000fad00000,0x00000000fad00000,0x0000000100000000)
 ParOldGen       total 253952K, used 253495K [0x00000000c0000000, 0x00000000cf800000, 0x00000000eab00000)
  object space 253952K, 99% used [0x00000000c0000000,0x00000000cf78dca0,0x00000000cf800000)
 Metaspace       used 6389K, capacity 7280K, committed 7552K, reserved 1056768K
  class space    used 602K, capacity 616K, committed 640K, reserved 1048576K

Card table byte_map: [0x00007ff030824000,0x00007ff030a25000] byte_map_base: 0x00007ff030224000

Marking Bits: (ParMarkBitMap*) 0x00007ff0462fb760
 Begin Bits: [0x00007ff02e622000, 0x00007ff02f622000)
 End Bits:   [0x00007ff02f622000, 0x00007ff030622000)

Polling page: 0x00007ff046f42000

CodeCache: size=245760Kb used=10159Kb max_used=10177Kb free=235600Kb
 bounds [0x00007ff030de5000, 0x00007ff0317e5000, 0x00007ff03fde5000]
 total_blobs=2644 nmethods=2377 adapters=182
 compilation: enabled

Compilation events (10 events):
Event: 21.595 Thread 0x00007ff0400b5000 2562       2       com.android.dx.dex.code.Dop::getOppositeTest (143 bytes)
Event: 21.597 Thread 0x00007ff0400b5000 nmethod 2562 0x00007ff0317c7790 code [0x00007ff0317c7980, 0x00007ff0317c7f48]
Event: 21.803 Thread 0x00007ff0400b5000 2565       2       com.android.dx.cf.code.BasicBlocker::visitSwitch (64 bytes)
Event: 21.804 Thread 0x00007ff0400b5000 nmethod 2565 0x00007ff03178c2d0 code [0x00007ff03178c480, 0x00007ff03178c958]
Event: 21.806 Thread 0x00007ff0400b5000 2566       2       com.android.dx.dex.code.RopTranslator$TranslationVisitor::visitSwitchInsn (237 bytes)
Event: 21.808 Thread 0x00007ff0400b5000 nmethod 2566 0x00007ff0317d1f10 code [0x00007ff0317d21a0, 0x00007ff0317d2b98]
Event: 21.895 Thread 0x00007ff0400b5000 2567       2       java.util.concurrent.FutureTask::awaitDone (171 bytes)
Event: 21.897 Thread 0x00007ff0400b5000 nmethod 2567 0x00007ff0317c9390 code [0x00007ff0317c9560, 0x00007ff0317c9c68]
Event: 21.943 Thread 0x00007ff0400b2000 nmethod 2414 0x00007ff0317d8590 code [0x00007ff0317d8880, 0x00007ff0317da5e8]
Event: 21.943 Thread 0x00007ff0400b2000 2490   !   4       com.android.dx.rop.type.Type::intern (319 bytes)

GC Heap History (10 events):
Event: 15.463 GC heap after
Heap after GC invocations=14 (full 3):
 PSYoungGen      total 270336K, used 7813K [0x00000000eab00000, 0x0000000100000000, 0x0000000100000000)
  eden space 222208K, 0% used [0x00000000eab00000,0x00000000eab00000,0x00000000f8400000)
  from space 48128K, 16% used [0x00000000f8400000,0x00000000f8ba1688,0x00000000fb300000)
  to   space 50688K, 0% used [0x00000000fce80000,0x00000000fce80000,0x0000000100000000)
 ParOldGen       total 235520K, used 145128K [0x00000000c0000000, 0x00000000ce600000, 0x00000000eab00000)
  object space 235520K, 61% used [0x00000000c0000000,0x00000000c8dba160,0x00000000ce600000)
 Metaspace       used 6363K, capacity 7216K, committed 7296K, reserved 1056768K
  class space    used 602K, capacity 616K, committed 640K, reserved 1048576K
}
Event: 16.918 GC heap before
{Heap before GC invocations=15 (full 3):
 PSYoungGen      total 270336K, used 230021K [0x00000000eab00000, 0x0000000100000000, 0x0000000100000000)
  eden space 222208K, 100% used [0x00000000eab00000,0x00000000f8400000,0x00000000f8400000)
  from space 48128K, 16% used [0x00000000f8400000,0x00000000f8ba1688,0x00000000fb300000)
  to   space 50688K, 0% used [0x00000000fce80000,0x00000000fce80000,0x0000000100000000)
 ParOldGen       total 235520K, used 145128K [0x00000000c0000000, 0x00000000ce600000, 0x00000000eab00000)
  object space 235520K, 61% used [0x00000000c0000000,0x00000000c8dba188,0x00000000ce600000)
 Metaspace       used 6372K, capacity 7216K, committed 7296K, reserved 1056768K
  class space    used 602K, capacity 616K, committed 640K, reserved 1048576K
Event: 17.171 GC heap after
Heap after GC invocations=15 (full 3):
 PSYoungGen      total 290304K, used 39669K [0x00000000eab00000, 0x0000000100000000, 0x0000000100000000)
  eden space 239616K, 0% used [0x00000000eab00000,0x00000000eab00000,0x00000000f9500000)
  from space 50688K, 78% used [0x00000000fce80000,0x00000000ff53d7e0,0x0000000100000000)
  to   space 54784K, 0% used [0x00000000f9500000,0x00000000f9500000,0x00000000fca80000)
 ParOldGen       total 235520K, used 145128K [0x00000000c0000000, 0x00000000ce600000, 0x00000000eab00000)
  object space 235520K, 61% used [0x00000000c0000000,0x00000000c8dba188,0x00000000ce600000)
 Metaspace       used 6372K, capacity 7216K, committed 7296K, reserved 1056768K
  class space    used 602K, capacity 616K, committed 640K, reserved 1048576K
}
Event: 18.827 GC heap before
{Heap before GC invocations=16 (full 3):
 PSYoungGen      total 290304K, used 279285K [0x00000000eab00000, 0x0000000100000000, 0x0000000100000000)
  eden space 239616K, 100% used [0x00000000eab00000,0x00000000f9500000,0x00000000f9500000)
  from space 50688K, 78% used [0x00000000fce80000,0x00000000ff53d7e0,0x0000000100000000)
  to   space 54784K, 0% used [0x00000000f9500000,0x00000000f9500000,0x00000000fca80000)
 ParOldGen       total 235520K, used 145131K [0x00000000c0000000, 0x00000000ce600000, 0x00000000eab00000)
  object space 235520K, 61% used [0x00000000c0000000,0x00000000c8dbafc0,0x00000000ce600000)
 Metaspace       used 6378K, capacity 7280K, committed 7552K, reserved 1056768K
  class space    used 602K, capacity 616K, committed 640K, reserved 1048576K
Event: 19.091 GC heap after
Heap after GC invocations=16 (full 3):
 PSYoungGen      total 294400K, used 54755K [0x00000000eab00000, 0x0000000100000000, 0x0000000100000000)
  eden space 239616K, 0% used [0x00000000eab00000,0x00000000eab00000,0x00000000f9500000)
  from space 54784K, 99% used [0x00000000f9500000,0x00000000fca78dd8,0x00000000fca80000)
  to   space 54784K, 0% used [0x00000000fca80000,0x00000000fca80000,0x0000000100000000)
 ParOldGen       total 235520K, used 162963K [0x00000000c0000000, 0x00000000ce600000, 0x00000000eab00000)
  object space 235520K, 69% used [0x00000000c0000000,0x00000000c9f24c78,0x00000000ce600000)
 Metaspace       used 6378K, capacity 7280K, committed 7552K, reserved 1056768K
  class space    used 602K, capacity 616K, committed 640K, reserved 1048576K
}
Event: 20.658 GC heap before
{Heap before GC invocations=17 (full 3):
 PSYoungGen      total 294400K, used 294371K [0x00000000eab00000, 0x0000000100000000, 0x0000000100000000)
  eden space 239616K, 100% used [0x00000000eab00000,0x00000000f9500000,0x00000000f9500000)
  from space 54784K, 99% used [0x00000000f9500000,0x00000000fca78dd8,0x00000000fca80000)
  to   space 54784K, 0% used [0x00000000fca80000,0x00000000fca80000,0x0000000100000000)
 ParOldGen       total 235520K, used 162963K [0x00000000c0000000, 0x00000000ce600000, 0x00000000eab00000)
  object space 235520K, 69% used [0x00000000c0000000,0x00000000c9f24c78,0x00000000ce600000)
 Metaspace       used 6384K, capacity 7280K, committed 7552K, reserved 1056768K
  class space    used 602K, capacity 616K, committed 640K, reserved 1048576K
Event: 21.020 GC heap after
Heap after GC invocations=17 (full 3):
 PSYoungGen      total 225792K, used 54767K [0x00000000eab00000, 0x0000000100000000, 0x0000000100000000)
  eden space 171008K, 0% used [0x00000000eab00000,0x00000000eab00000,0x00000000f5200000)
  from space 54784K, 99% used [0x00000000fca80000,0x00000000ffffbe48,0x0000000100000000)
  to   space 89088K, 0% used [0x00000000f5200000,0x00000000f5200000,0x00000000fa900000)
 ParOldGen       total 235520K, used 198574K [0x00000000c0000000, 0x00000000ce600000, 0x00000000eab00000)
  object space 235520K, 84% used [0x00000000c0000000,0x00000000cc1eb8d8,0x00000000ce600000)
 Metaspace       used 6384K, capacity 7280K, committed 7552K, reserved 1056768K
  class space    used 602K, capacity 616K, committed 640K, reserved 1048576K
}
Event: 22.075 GC heap before
{Heap before GC invocations=18 (full 3):
 PSYoungGen      total 225792K, used 225775K [0x00000000eab00000, 0x0000000100000000, 0x0000000100000000)
  eden space 171008K, 100% used [0x00000000eab00000,0x00000000f5200000,0x00000000f5200000)
  from space 54784K, 99% used [0x00000000fca80000,0x00000000ffffbe48,0x0000000100000000)
  to   space 89088K, 0% used [0x00000000f5200000,0x00000000f5200000,0x00000000fa900000)
 ParOldGen       total 235520K, used 198574K [0x00000000c0000000, 0x00000000ce600000, 0x00000000eab00000)
  object space 235520K, 84% used [0x00000000c0000000,0x00000000cc1eb8d8,0x00000000ce600000)
 Metaspace       used 6389K, capacity 7280K, committed 7552K, reserved 1056768K
  class space    used 602K, capacity 616K, committed 640K, reserved 1048576K
Event: 22.377 GC heap after
Heap after GC invocations=18 (full 3):
 PSYoungGen      total 260096K, used 24934K [0x00000000eab00000, 0x0000000100000000, 0x0000000100000000)
  eden space 171008K, 0% used [0x00000000eab00000,0x00000000eab00000,0x00000000f5200000)
  from space 89088K, 27% used [0x00000000f5200000,0x00000000f6a59978,0x00000000fa900000)
  to   space 84992K, 0% used [0x00000000fad00000,0x00000000fad00000,0x0000000100000000)
 ParOldGen       total 253952K, used 253650K [0x00000000c0000000, 0x00000000cf800000, 0x00000000eab00000)
  object space 253952K, 99% used [0x00000000c0000000,0x00000000cf7b4a48,0x00000000cf800000)
 Metaspace       used 6389K, capacity 7280K, committed 7552K, reserved 1056768K
  class space    used 602K, capacity 616K, committed 640K, reserved 1048576K
}
Event: 22.377 GC heap before
{Heap before GC invocations=19 (full 4):
 PSYoungGen      total 260096K, used 24934K [0x00000000eab00000, 0x0000000100000000, 0x0000000100000000)
  eden space 171008K, 0% used [0x00000000eab00000,0x00000000eab00000,0x00000000f5200000)
  from space 89088K, 27% used [0x00000000f5200000,0x00000000f6a59978,0x00000000fa900000)
  to   space 84992K, 0% used [0x00000000fad00000,0x00000000fad00000,0x0000000100000000)
 ParOldGen       total 253952K, used 253650K [0x00000000c0000000, 0x00000000cf800000, 0x00000000eab00000)
  object space 253952K, 99% used [0x00000000c0000000,0x00000000cf7b4a48,0x00000000cf800000)
 Metaspace       used 6389K, capacity 7280K, committed 7552K, reserved 1056768K
  class space    used 602K, capacity 616K, committed 640K, reserved 1048576K

Deoptimization events (10 events):
Event: 12.498 Thread 0x00007ff040195800 Uncommon trap: reason=bimorphic action=maybe_recompile pc=0x00007ff03168d320 method=com.android.dx.ssa.SCCP.setLatticeValueTo(IILcom/android/dx/rop/cst/Constant;)Z @ 43
Event: 12.498 Thread 0x00007ff040195800 Uncommon trap: reason=bimorphic action=maybe_recompile pc=0x00007ff03168d320 method=com.android.dx.ssa.SCCP.setLatticeValueTo(IILcom/android/dx/rop/cst/Constant;)Z @ 43
Event: 12.648 Thread 0x00007ff04000a000 Uncommon trap: reason=unstable_if action=reinterpret pc=0x00007ff03153a87c method=com.android.dx.ssa.SCCP.simulateBranch(Lcom/android/dx/ssa/SsaInsn;)V @ 548
Event: 12.864 Thread 0x00007ff04018d800 Uncommon trap: reason=bimorphic action=maybe_recompile pc=0x00007ff031642820 method=com.android.dx.rop.code.RegisterSpec.withSimpleType()Lcom/android/dx/rop/code/RegisterSpec; @ 21
Event: 12.866 Thread 0x00007ff04000a000 Uncommon trap: reason=bimorphic action=maybe_recompile pc=0x00007ff031642820 method=com.android.dx.rop.code.RegisterSpec.withSimpleType()Lcom/android/dx/rop/code/RegisterSpec; @ 21
Event: 13.039 Thread 0x00007ff040195800 Uncommon trap: reason=bimorphic action=maybe_recompile pc=0x00007ff031642820 method=com.android.dx.rop.code.RegisterSpec.withSimpleType()Lcom/android/dx/rop/code/RegisterSpec; @ 21
Event: 13.047 Thread 0x00007ff040195800 Uncommon trap: reason=bimorphic action=maybe_recompile pc=0x00007ff031642820 method=com.android.dx.rop.code.RegisterSpec.withSimpleType()Lcom/android/dx/rop/code/RegisterSpec; @ 21
Event: 15.845 Thread 0x00007ff04018d800 Uncommon trap: reason=unstable_if action=reinterpret pc=0x00007ff0315fc994 method=com.android.dx.ssa.SsaMethod.getExitBlock()Lcom/android/dx/ssa/SsaBasicBlock; @ 4
Event: 19.731 Thread 0x00007ff04000a000 Uncommon trap: reason=unstable_if action=reinterpret pc=0x00007ff031793a04 method=com.android.dx.ssa.SCCP.simulateBranch(Lcom/android/dx/ssa/SsaInsn;)V @ 334
Event: 21.562 Thread 0x00007ff040195800 Uncommon trap: reason=unstable_if action=reinterpret pc=0x00007ff031786b88 method=com.android.dx.rop.cst.CstNat.equals(Ljava/lang/Object;)Z @ 25

Internal exceptions (6 events):
Event: 0.044 Thread 0x00007ff04000a000 Exception <a 'java/lang/NoSuchMethodError': Method sun.misc.Unsafe.defineClass(Ljava/lang/String;[BII)Ljava/lang/Class; name or signature does not match> (0x00000000eab12898) thrown at [/RE-WORK/workspace/8-2-build-linux-amd64/jdk8u45/3457/hotspot/src/sha
Event: 0.044 Thread 0x00007ff04000a000 Exception <a 'java/lang/NoSuchMethodError': Method sun.misc.Unsafe.prefetchRead(Ljava/lang/Object;J)V name or signature does not match> (0x00000000eab12b28) thrown at [/RE-WORK/workspace/8-2-build-linux-amd64/jdk8u45/3457/hotspot/src/share/vm/prims/jni.cp
Event: 2.126 Thread 0x00007ff040193800 Implicit null exception at 0x00007ff03111d893 to 0x00007ff03111ff7d
Event: 3.697 Thread 0x00007ff040195800 Exception <a 'java/lang/ArrayIndexOutOfBoundsException': 18> (0x00000000ebe104c8) thrown at [/RE-WORK/workspace/8-2-build-linux-amd64/jdk8u45/3457/hotspot/src/share/vm/interpreter/interpreterRuntime.cpp, line 366]
Event: 3.698 Thread 0x00007ff040195800 Exception <a 'java/lang/ArrayIndexOutOfBoundsException': 145> (0x00000000ebe11f98) thrown at [/RE-WORK/workspace/8-2-build-linux-amd64/jdk8u45/3457/hotspot/src/share/vm/interpreter/interpreterRuntime.cpp, line 366]
Event: 3.708 Thread 0x00007ff040195800 Exception <a 'java/lang/ArrayIndexOutOfBoundsException': 40> (0x00000000ebe131d0) thrown at [/RE-WORK/workspace/8-2-build-linux-amd64/jdk8u45/3457/hotspot/src/share/vm/interpreter/interpreterRuntime.cpp, line 366]

Events (10 events):
Event: 21.980 Thread 0x00007ff04018d800 DEOPT UNPACKING pc=0x00007ff030e2bf73 sp=0x00007ff02c182de0 mode 0
Event: 21.992 Thread 0x00007ff04000a000 DEOPT PACKING pc=0x00007ff030f7a478 sp=0x00007ff046f248a0
Event: 21.992 Thread 0x00007ff04000a000 DEOPT UNPACKING pc=0x00007ff030e2bf73 sp=0x00007ff046f24630 mode 0
Event: 22.016 Thread 0x00007ff04000a000 DEOPT PACKING pc=0x00007ff030f7a478 sp=0x00007ff046f248a0
Event: 22.017 Thread 0x00007ff04000a000 DEOPT UNPACKING pc=0x00007ff030e2bf73 sp=0x00007ff046f24630 mode 0
Event: 22.041 Thread 0x00007ff04018d800 DEOPT PACKING pc=0x00007ff0312bf1e8 sp=0x00007ff02c182f90
Event: 22.041 Thread 0x00007ff04018d800 DEOPT UNPACKING pc=0x00007ff030e2bf73 sp=0x00007ff02c182de0 mode 0
Event: 22.051 Thread 0x00007ff04000a000 DEOPT PACKING pc=0x00007ff030f7a478 sp=0x00007ff046f24690
Event: 22.051 Thread 0x00007ff04000a000 DEOPT UNPACKING pc=0x00007ff030e2bf73 sp=0x00007ff046f24420 mode 0
Event: 22.075 Executing VM operation: ParallelGCFailedAllocation


Dynamic libraries:
00400000-00401000 r-xp 00000000 07:00 1183742                            /usr/local/java/jdk1.8.0_45/bin/java
00600000-00601000 rw-p 00000000 07:00 1183742                            /usr/local/java/jdk1.8.0_45/bin/java
00e85000-00ea6000 rw-p 00000000 00:00 0                                  [heap]
c0000000-cf800000 rw-p 00000000 00:00 0 
d7d80000-eab00000 ---p 00000000 00:00 0 
eab00000-100000000 rw-p 00000000 00:00 0 
100000000-1000a0000 rw-p 00000000 00:00 0 
1000a0000-140000000 ---p 00000000 00:00 0 
7feff0000000-7feff0047000 rw-p 00000000 00:00 0 
7feff0047000-7feff4000000 ---p 00000000 00:00 0 
7feff4000000-7feff4021000 rw-p 00000000 00:00 0 
7feff4021000-7feff8000000 ---p 00000000 00:00 0 
7feff8000000-7feff8021000 rw-p 00000000 00:00 0 
7feff8021000-7feffc000000 ---p 00000000 00:00 0 
7fefffbfc000-7fefffbff000 ---p 00000000 00:00 0 
7fefffbff000-7fefffcfd000 rw-p 00000000 00:00 0                          [stack:24431]
7fefffcfd000-7fefffd00000 ---p 00000000 00:00 0 
7fefffd00000-7fefffdfe000 rw-p 00000000 00:00 0                          [stack:24430]
7fefffdfe000-7fefffe01000 ---p 00000000 00:00 0 
7fefffe01000-7fefffeff000 rw-p 00000000 00:00 0                          [stack:24429]
7fefffeff000-7feffff02000 ---p 00000000 00:00 0 
7feffff02000-7ff000000000 rw-p 00000000 00:00 0                          [stack:24428]
7ff000000000-7ff000021000 rw-p 00000000 00:00 0 
7ff000021000-7ff004000000 ---p 00000000 00:00 0 
7ff004000000-7ff00402a000 rw-p 00000000 00:00 0 
7ff00402a000-7ff008000000 ---p 00000000 00:00 0 
7ff008000000-7ff008899000 rw-p 00000000 00:00 0 
7ff008899000-7ff00c000000 ---p 00000000 00:00 0 
7ff00c000000-7ff00c021000 rw-p 00000000 00:00 0 
7ff00c021000-7ff010000000 ---p 00000000 00:00 0 
7ff010000000-7ff010021000 rw-p 00000000 00:00 0 
7ff010021000-7ff014000000 ---p 00000000 00:00 0 
7ff014000000-7ff01504c000 rw-p 00000000 00:00 0 
7ff01504c000-7ff018000000 ---p 00000000 00:00 0 
7ff018000000-7ff018021000 rw-p 00000000 00:00 0 
7ff018021000-7ff01c000000 ---p 00000000 00:00 0 
7ff01c000000-7ff01c021000 rw-p 00000000 00:00 0 
7ff01c021000-7ff020000000 ---p 00000000 00:00 0 
7ff020000000-7ff020021000 rw-p 00000000 00:00 0 
7ff020021000-7ff024000000 ---p 00000000 00:00 0 
7ff024000000-7ff02428b000 rw-p 00000000 00:00 0 
7ff02428b000-7ff028000000 ---p 00000000 00:00 0 
7ff028000000-7ff028021000 rw-p 00000000 00:00 0 
7ff028021000-7ff02c000000 ---p 00000000 00:00 0 
7ff02c070000-7ff02c084000 r--p 00000000 07:00 1580160                    /usr/share/locale-langpack/zh_CN/LC_MESSAGES/libc.mo
7ff02c084000-7ff02c087000 ---p 00000000 00:00 0 
7ff02c087000-7ff02c185000 rw-p 00000000 00:00 0                          [stack:24427]
7ff02c185000-7ff02c1d7000 r--s 003f7000 07:00 1837062                    /home/lynnzc/AndroidStudioProjects/PlantLeague/app/build/intermediates/transforms/jarMerging/product/debug/jars/1/1f/combined.jar
7ff02c1d7000-7ff02c1e6000 r--s 000df000 07:00 283088                     /home/lynnzc/Android/Sdk/build-tools/23.0.1/lib/dx.jar
7ff02c1e6000-7ff02c1e7000 ---p 00000000 00:00 0 
7ff02c1e7000-7ff02c2e7000 rw-p 00000000 00:00 0                          [stack:24426]
7ff02c2e7000-7ff02c2ea000 ---p 00000000 00:00 0 
7ff02c2ea000-7ff02c3e8000 rw-p 00000000 00:00 0                          [stack:24425]
7ff02c3e8000-7ff02c3eb000 ---p 00000000 00:00 0 
7ff02c3eb000-7ff02c4e9000 rw-p 00000000 00:00 0                          [stack:24424]
7ff02c4e9000-7ff02c4ec000 ---p 00000000 00:00 0 
7ff02c4ec000-7ff02c5ea000 rw-p 00000000 00:00 0                          [stack:24423]
7ff02c5ea000-7ff02c5ed000 ---p 00000000 00:00 0 
7ff02c5ed000-7ff02c6eb000 rw-p 00000000 00:00 0                          [stack:24422]
7ff02c6eb000-7ff02cdcd000 r--p 00000000 07:00 1185575                    /usr/lib/locale/locale-archive
7ff02cdcd000-7ff02cdd0000 ---p 00000000 00:00 0 
7ff02cdd0000-7ff02cece000 rw-p 00000000 00:00 0                          [stack:24421]
7ff02cece000-7ff02ced1000 ---p 00000000 00:00 0 
7ff02ced1000-7ff02cfcf000 rw-p 00000000 00:00 0                          [stack:24420]
7ff02cfcf000-7ff02cfd0000 ---p 00000000 00:00 0 
7ff02cfd0000-7ff02da49000 rw-p 00000000 00:00 0                          [stack:24419]
7ff02da49000-7ff02dc22000 r--s 03d09000 07:00 1183527                    /usr/local/java/jdk1.8.0_45/jre/lib/rt.jar
7ff02dc22000-7ff02e2e2000 rw-p 00000000 00:00 0 
7ff02e2e2000-7ff02e422000 ---p 00000000 00:00 0 
7ff02e422000-7ff030622000 rw-p 00000000 00:00 0 
7ff030622000-7ff030623000 ---p 00000000 00:00 0 
7ff030623000-7ff030723000 rw-p 00000000 00:00 0                          [stack:24416]
7ff030723000-7ff030724000 ---p 00000000 00:00 0 
7ff030724000-7ff0308a0000 rw-p 00000000 00:00 0                          [stack:24415]
7ff0308a0000-7ff030979000 ---p 00000000 00:00 0 
7ff030979000-7ff030a24000 rw-p 00000000 00:00 0 
7ff030a24000-7ff030a4d000 rw-p 00000000 00:00 0 
7ff030a4d000-7ff030de5000 ---p 00000000 00:00 0 
7ff030de5000-7ff0317e5000 rwxp 00000000 00:00 0 
7ff0317e5000-7ff03fde5000 ---p 00000000 00:00 0 
7ff03fde5000-7ff03fdff000 r-xp 00000000 07:00 1183562                    /usr/local/java/jdk1.8.0_45/jre/lib/amd64/libzip.so
7ff03fdff000-7ff03ffff000 ---p 0001a000 07:00 1183562                    /usr/local/java/jdk1.8.0_45/jre/lib/amd64/libzip.so
7ff03ffff000-7ff040000000 rw-p 0001a000 07:00 1183562                    /usr/local/java/jdk1.8.0_45/jre/lib/amd64/libzip.so
7ff040000000-7ff0403ac000 rw-p 00000000 00:00 0 
7ff0403ac000-7ff044000000 ---p 00000000 00:00 0 
7ff04400d000-7ff0440ff000 rw-p 00000000 00:00 0 
7ff0440ff000-7ff0441d9000 ---p 00000000 00:00 0 
7ff0441d9000-7ff0441e4000 r-xp 00000000 07:00 266025                     /lib/x86_64-linux-gnu/libnss_files-2.19.so
7ff0441e4000-7ff0443e3000 ---p 0000b000 07:00 266025                     /lib/x86_64-linux-gnu/libnss_files-2.19.so
7ff0443e3000-7ff0443e4000 r--p 0000a000 07:00 266025                     /lib/x86_64-linux-gnu/libnss_files-2.19.so
7ff0443e4000-7ff0443e5000 rw-p 0000b000 07:00 266025                     /lib/x86_64-linux-gnu/libnss_files-2.19.so
7ff0443e5000-7ff0443f0000 r-xp 00000000 07:00 265983                     /lib/x86_64-linux-gnu/libnss_nis-2.19.so
7ff0443f0000-7ff0445ef000 ---p 0000b000 07:00 265983                     /lib/x86_64-linux-gnu/libnss_nis-2.19.so
7ff0445ef000-7ff0445f0000 r--p 0000a000 07:00 265983                     /lib/x86_64-linux-gnu/libnss_nis-2.19.so
7ff0445f0000-7ff0445f1000 rw-p 0000b000 07:00 265983                     /lib/x86_64-linux-gnu/libnss_nis-2.19.so
7ff0445f1000-7ff044608000 r-xp 00000000 07:00 265973                     /lib/x86_64-linux-gnu/libnsl-2.19.so
7ff044608000-7ff044807000 ---p 00017000 07:00 265973                     /lib/x86_64-linux-gnu/libnsl-2.19.so
7ff044807000-7ff044808000 r--p 00016000 07:00 265973                     /lib/x86_64-linux-gnu/libnsl-2.19.so
7ff044808000-7ff044809000 rw-p 00017000 07:00 265973                     /lib/x86_64-linux-gnu/libnsl-2.19.so
7ff044809000-7ff04480b000 rw-p 00000000 00:00 0 
7ff04480b000-7ff044814000 r-xp 00000000 07:00 265972                     /lib/x86_64-linux-gnu/libnss_compat-2.19.so
7ff044814000-7ff044a13000 ---p 00009000 07:00 265972                     /lib/x86_64-linux-gnu/libnss_compat-2.19.so
7ff044a13000-7ff044a14000 r--p 00008000 07:00 265972                     /lib/x86_64-linux-gnu/libnss_compat-2.19.so
7ff044a14000-7ff044a15000 rw-p 00009000 07:00 265972                     /lib/x86_64-linux-gnu/libnss_compat-2.19.so
7ff044a15000-7ff044a3f000 r-xp 00000000 07:00 1183555                    /usr/local/java/jdk1.8.0_45/jre/lib/amd64/libjava.so
7ff044a3f000-7ff044c3f000 ---p 0002a000 07:00 1183555                    /usr/local/java/jdk1.8.0_45/jre/lib/amd64/libjava.so
7ff044c3f000-7ff044c41000 rw-p 0002a000 07:00 1183555                    /usr/local/java/jdk1.8.0_45/jre/lib/amd64/libjava.so
7ff044c41000-7ff044c4e000 r-xp 00000000 07:00 1183597                    /usr/local/java/jdk1.8.0_45/jre/lib/amd64/libverify.so
7ff044c4e000-7ff044e4e000 ---p 0000d000 07:00 1183597                    /usr/local/java/jdk1.8.0_45/jre/lib/amd64/libverify.so
7ff044e4e000-7ff044e50000 rw-p 0000d000 07:00 1183597                    /usr/local/java/jdk1.8.0_45/jre/lib/amd64/libverify.so
7ff044e50000-7ff044e57000 r-xp 00000000 07:00 265999                     /lib/x86_64-linux-gnu/librt-2.19.so
7ff044e57000-7ff045056000 ---p 00007000 07:00 265999                     /lib/x86_64-linux-gnu/librt-2.19.so
7ff045056000-7ff045057000 r--p 00006000 07:00 265999                     /lib/x86_64-linux-gnu/librt-2.19.so
7ff045057000-7ff045058000 rw-p 00007000 07:00 265999                     /lib/x86_64-linux-gnu/librt-2.19.so
7ff045058000-7ff04515d000 r-xp 00000000 07:00 265967                     /lib/x86_64-linux-gnu/libm-2.19.so
7ff04515d000-7ff04535c000 ---p 00105000 07:00 265967                     /lib/x86_64-linux-gnu/libm-2.19.so
7ff04535c000-7ff04535d000 r--p 00104000 07:00 265967                     /lib/x86_64-linux-gnu/libm-2.19.so
7ff04535d000-7ff04535e000 rw-p 00105000 07:00 265967                     /lib/x86_64-linux-gnu/libm-2.19.so
7ff04535e000-7ff04600c000 r-xp 00000000 07:00 1183603                    /usr/local/java/jdk1.8.0_45/jre/lib/amd64/server/libjvm.so
7ff04600c000-7ff04620b000 ---p 00cae000 07:00 1183603                    /usr/local/java/jdk1.8.0_45/jre/lib/amd64/server/libjvm.so
7ff04620b000-7ff0462e2000 rw-p 00cad000 07:00 1183603                    /usr/local/java/jdk1.8.0_45/jre/lib/amd64/server/libjvm.so
7ff0462e2000-7ff046326000 rw-p 00000000 00:00 0 
7ff046326000-7ff0464e1000 r-xp 00000000 07:00 266018                     /lib/x86_64-linux-gnu/libc-2.19.so
7ff0464e1000-7ff0466e0000 ---p 001bb000 07:00 266018                     /lib/x86_64-linux-gnu/libc-2.19.so
7ff0466e0000-7ff0466e4000 r--p 001ba000 07:00 266018                     /lib/x86_64-linux-gnu/libc-2.19.so
7ff0466e4000-7ff0466e6000 rw-p 001be000 07:00 266018                     /lib/x86_64-linux-gnu/libc-2.19.so
7ff0466e6000-7ff0466eb000 rw-p 00000000 00:00 0 
7ff0466eb000-7ff0466ee000 r-xp 00000000 07:00 265969                     /lib/x86_64-linux-gnu/libdl-2.19.so
7ff0466ee000-7ff0468ed000 ---p 00003000 07:00 265969                     /lib/x86_64-linux-gnu/libdl-2.19.so
7ff0468ed000-7ff0468ee000 r--p 00002000 07:00 265969                     /lib/x86_64-linux-gnu/libdl-2.19.so
7ff0468ee000-7ff0468ef000 rw-p 00003000 07:00 265969                     /lib/x86_64-linux-gnu/libdl-2.19.so
7ff0468ef000-7ff046904000 r-xp 00000000 07:00 1183919                    /usr/local/java/jdk1.8.0_45/lib/amd64/jli/libjli.so
7ff046904000-7ff046b04000 ---p 00015000 07:00 1183919                    /usr/local/java/jdk1.8.0_45/lib/amd64/jli/libjli.so
7ff046b04000-7ff046b05000 rw-p 00015000 07:00 1183919                    /usr/local/java/jdk1.8.0_45/lib/amd64/jli/libjli.so
7ff046b05000-7ff046b1e000 r-xp 00000000 07:00 265974                     /lib/x86_64-linux-gnu/libpthread-2.19.so
7ff046b1e000-7ff046d1d000 ---p 00019000 07:00 265974                     /lib/x86_64-linux-gnu/libpthread-2.19.so
7ff046d1d000-7ff046d1e000 r--p 00018000 07:00 265974                     /lib/x86_64-linux-gnu/libpthread-2.19.so
7ff046d1e000-7ff046d1f000 rw-p 00019000 07:00 265974                     /lib/x86_64-linux-gnu/libpthread-2.19.so
7ff046d1f000-7ff046d23000 rw-p 00000000 00:00 0 
7ff046d23000-7ff046d46000 r-xp 00000000 07:00 265975                     /lib/x86_64-linux-gnu/ld-2.19.so
7ff046d4d000-7ff046e26000 rw-p 00000000 00:00 0 
7ff046e26000-7ff046e29000 ---p 00000000 00:00 0 
7ff046e29000-7ff046f2b000 rw-p 00000000 00:00 0                          [stack:24413]
7ff046f31000-7ff046f32000 rw-p 00000000 00:00 0 
7ff046f32000-7ff046f39000 r--s 00000000 07:00 1439140                    /usr/lib/x86_64-linux-gnu/gconv/gconv-modules.cache
7ff046f39000-7ff046f41000 rw-s 00000000 07:00 180575                     /tmp/hsperfdata_lynnzc/24411
7ff046f41000-7ff046f42000 rw-p 00000000 00:00 0 
7ff046f42000-7ff046f43000 ---p 00000000 00:00 0 
7ff046f43000-7ff046f45000 rw-p 00000000 00:00 0 
7ff046f45000-7ff046f46000 r--p 00022000 07:00 265975                     /lib/x86_64-linux-gnu/ld-2.19.so
7ff046f46000-7ff046f47000 rw-p 00023000 07:00 265975                     /lib/x86_64-linux-gnu/ld-2.19.so
7ff046f47000-7ff046f48000 rw-p 00000000 00:00 0 
7ffe3b870000-7ffe3b892000 rw-p 00000000 00:00 0                          [stack]
7ffe3b9e5000-7ffe3b9e7000 r-xp 00000000 00:00 0                          [vdso]
7ffe3b9e7000-7ffe3b9e9000 r--p 00000000 00:00 0                          [vvar]
ffffffffff600000-ffffffffff601000 r-xp 00000000 00:00 0                  [vsyscall]

VM Arguments:
jvm_args: -Djava.awt.headless=true -Xmx1024M -Dfile.encoding=UTF-8 -Duser.country=CN -Duser.language=zh -Duser.variant 
java_command: com.android.dx.command.Main --dex --num-threads=4 --multi-dex --main-dex-list /home/lynnzc/AndroidStudioProjects/PlantLeague/app/build/intermediates/multi-dex/product/debug/maindexlist.txt --output /home/lynnzc/AndroidStudioProjects/PlantLeague/app/build/intermediates/transforms/dex/product/debug/folders/1000/1f/main /home/lynnzc/AndroidStudioProjects/PlantLeague/app/build/intermediates/transforms/jarMerging/product/debug/jars/1/1f/combined.jar
java_class_path (initial): /home/lynnzc/Android/Sdk/build-tools/23.0.1/lib/dx.jar
Launcher Type: SUN_STANDARD

Environment Variables:
JAVA_HOME=/usr/local/java/jdk1.8.0_45
JRE_HOME=/usr/local/java/jdk1.8.0_45/jre
CLASSPATH=./../lib/bootstrap.jar:./../lib/extensions.jar:./../lib/util.jar:./../lib/jdom.jar:./../lib/log4j.jar:./../lib/trove4j.jar:./../lib/jna.jar:/usr/local/java/jdk1.8.0_45/lib/tools.jar
PATH=/usr/local/java/jdk1.8.0_45/bin:/home/lynnzc/Android/Sdk/tools:/home/lynnzc/Android/Sdk/platform-tools:/opt/jdk1.8.0_40:/opt/jdk1.8.0_40/bin:/bin:/opt/jdk1.8.0_40/lib:/usr/local/sbin:/usr/local/bin:/usr/sbin:/usr/bin:/sbin:/bin:/usr/games:/usr/local/games
LD_LIBRARY_PATH=.:
SHELL=/bin/bash
DISPLAY=:0

Signal Handlers:
SIGSEGV: [libjvm.so+0xaad1e0], sa_mask[0]=11111111011111111101111111111110, sa_flags=SA_RESTART|SA_SIGINFO
SIGBUS: [libjvm.so+0xaad1e0], sa_mask[0]=11111111011111111101111111111110, sa_flags=SA_RESTART|SA_SIGINFO
SIGFPE: [libjvm.so+0x90b450], sa_mask[0]=11111111011111111101111111111110, sa_flags=SA_RESTART|SA_SIGINFO
SIGPIPE: [libjvm.so+0x90b450], sa_mask[0]=11111111011111111101111111111110, sa_flags=SA_RESTART|SA_SIGINFO
SIGXFSZ: [libjvm.so+0x90b450], sa_mask[0]=11111111011111111101111111111110, sa_flags=SA_RESTART|SA_SIGINFO
SIGILL: [libjvm.so+0x90b450], sa_mask[0]=11111111011111111101111111111110, sa_flags=SA_RESTART|SA_SIGINFO
SIGUSR1: SIG_DFL, sa_mask[0]=00000000000000000000000000000000, sa_flags=none
SIGUSR2: [libjvm.so+0x90ca90], sa_mask[0]=00100000000000000000000000000000, sa_flags=SA_RESTART|SA_SIGINFO
SIGHUP: [libjvm.so+0x90dde0], sa_mask[0]=11111111011111111101111111111110, sa_flags=SA_RESTART|SA_SIGINFO
SIGINT: [libjvm.so+0x90dde0], sa_mask[0]=11111111011111111101111111111110, sa_flags=SA_RESTART|SA_SIGINFO
SIGTERM: [libjvm.so+0x90dde0], sa_mask[0]=11111111011111111101111111111110, sa_flags=SA_RESTART|SA_SIGINFO
SIGQUIT: [libjvm.so+0x90dde0], sa_mask[0]=11111111011111111101111111111110, sa_flags=SA_RESTART|SA_SIGINFO


---------------  S Y S T E M  ---------------

OS:DISTRIB_ID=Ubuntu
DISTRIB_RELEASE=14.04
DISTRIB_CODENAME=trusty
DISTRIB_DESCRIPTION="Ubuntu 14.04.4 LTS"

uname:Linux 3.16.0-67-generic #87~14.04.1-Ubuntu SMP Fri Mar 11 00:26:02 UTC 2016 x86_64
libc:glibc 2.19 NPTL 2.19 
rlimit: STACK 8192k, CORE 0k, NPROC 15588, NOFILE 4096, AS infinity
load average:9.13 7.11 4.65

/proc/meminfo:
MemTotal:        4012140 kB
MemFree:          139280 kB
MemAvailable:     109040 kB
Buffers:            7228 kB
Cached:            99656 kB
SwapCached:        10080 kB
Active:          2647572 kB
Inactive:        1019604 kB
Active(anon):    2619128 kB
Inactive(anon):   990684 kB
Active(file):      28444 kB
Inactive(file):    28920 kB
Unevictable:        2748 kB
Mlocked:              48 kB
SwapTotal:        262140 kB
SwapFree:              0 kB
Dirty:               160 kB
Writeback:             0 kB
AnonPages:       3553328 kB
Mapped:            86000 kB
Shmem:             46472 kB
Slab:              83492 kB
SReclaimable:      51088 kB
SUnreclaim:        32404 kB
KernelStack:        8960 kB
PageTables:        41672 kB
NFS_Unstable:          0 kB
Bounce:                0 kB
WritebackTmp:          0 kB
CommitLimit:     2268208 kB
Committed_AS:    7381700 kB
VmallocTotal:   34359738367 kB
VmallocUsed:      328644 kB
VmallocChunk:   34359355236 kB
HardwareCorrupted:     0 kB
AnonHugePages:    714752 kB
HugePages_Total:       0
HugePages_Free:        0
HugePages_Rsvd:        0
HugePages_Surp:        0
Hugepagesize:       2048 kB
DirectMap4k:       76784 kB
DirectMap2M:     4081664 kB


CPU:total 2 (2 cores per cpu, 1 threads per core) family 6 model 23 stepping 6, cmov, cx8, fxsr, mmx, sse, sse2, sse3, ssse3, sse4.1, tsc

/proc/cpuinfo:
processor	: 0
vendor_id	: GenuineIntel
cpu family	: 6
model		: 23
model name	: Intel(R) Core(TM)2 Duo CPU     P7350  @ 2.00GHz
stepping	: 6
microcode	: 0x60c
cpu MHz		: 2000.000
cache size	: 3072 KB
physical id	: 0
siblings	: 2
core id		: 0
cpu cores	: 2
apicid		: 0
initial apicid	: 0
fpu		: yes
fpu_exception	: yes
cpuid level	: 10
wp		: yes
flags		: fpu vme de pse tsc msr pae mce cx8 apic sep mtrr pge mca cmov pat pse36 clflush dts acpi mmx fxsr sse sse2 ss ht tm pbe syscall nx lm constant_tsc arch_perfmon pebs bts rep_good nopl aperfmperf pni dtes64 monitor ds_cpl est tm2 ssse3 cx16 xtpr pdcm sse4_1 lahf_lm dtherm
bogomips	: 3990.50
clflush size	: 64
cache_alignment	: 64
address sizes	: 36 bits physical, 48 bits virtual
power management:

processor	: 1
vendor_id	: GenuineIntel
cpu family	: 6
model		: 23
model name	: Intel(R) Core(TM)2 Duo CPU     P7350  @ 2.00GHz
stepping	: 6
microcode	: 0x60c
cpu MHz		: 2000.000
cache size	: 3072 KB
physical id	: 0
siblings	: 2
core id		: 1
cpu cores	: 2
apicid		: 1
initial apicid	: 1
fpu		: yes
fpu_exception	: yes
cpuid level	: 10
wp		: yes
flags		: fpu vme de pse tsc msr pae mce cx8 apic sep mtrr pge mca cmov pat pse36 clflush dts acpi mmx fxsr sse sse2 ss ht tm pbe syscall nx lm constant_tsc arch_perfmon pebs bts rep_good nopl aperfmperf pni dtes64 monitor ds_cpl est tm2 ssse3 cx16 xtpr pdcm sse4_1 lahf_lm dtherm
bogomips	: 3990.50
clflush size	: 64
cache_alignment	: 64
address sizes	: 36 bits physical, 48 bits virtual
power management:



Memory: 4k page, physical 4012140k(139280k free), swap 262140k(0k free)

vm_info: Java HotSpot(TM) 64-Bit Server VM (25.45-b02) for linux-amd64 JRE (1.8.0_45-b14), built on Apr 10 2015 10:07:45 by "java_re" with gcc 4.3.0 20080428 (Red Hat 4.3.0-8)

time: Sat Apr 16 19:03:29 2016
elapsed time: 27 seconds (0d 0h 0m 27s)

